<?xml version="1.0" encoding="UTF-8"?>
<!-- Generated by org.testng.reporters.JUnitReportReporter -->
<testsuite hostname="DESKTOP-623D8HK" failures="0" tests="1" name="JenkinsTest.NewTest" time="6.771" errors="0" timestamp="21 Aug 2022 16:17:10 GMT">
  <testcase classname="JenkinsTest.NewTest" name="testEasy" time="6.771"/>
</testsuite> <!-- JenkinsTest.NewTest -->
