<?xml version="1.0" encoding="UTF-8"?>
<!-- Generated by org.testng.reporters.JUnitReportReporter -->
<testsuite hostname="DESKTOP-623D8HK" failures="0" tests="1" name="JenkinsTest.NewTest" time="1.015" errors="0" timestamp="22 Aug 2022 01:34:09 GMT">
  <testcase classname="JenkinsTest.NewTest" name="testEasy" time="1.015"/>
</testsuite> <!-- JenkinsTest.NewTest -->
