<?xml version="1.0" encoding="UTF-8"?>
<!-- Generated by org.testng.reporters.JUnitReportReporter -->
<testsuite hostname="DESKTOP-623D8HK" failures="0" tests="1" name="JenkinsTest.NewTest" time="0.952" errors="0" timestamp="22 Aug 2022 04:06:45 GMT">
  <testcase classname="JenkinsTest.NewTest" name="testEasy" time="0.952"/>
</testsuite> <!-- JenkinsTest.NewTest -->
